<?xml version="1.0" encoding="UTF-8"?>
<!-- Generated by org.testng.reporters.JUnitXMLReporter -->
<testsuite hostname="CABOTIA002" ignored="5" name="parametertest" tests="1" failures="0" timestamp="01 Feb 2018 09:26:38 GMT" time="4.965" errors="0">
  <testcase name="@BeforeClass Open" time="4.932" classname="SeleniumSession1.OpenCloseBrowser">
    <failure type="org.openqa.selenium.SessionNotCreatedException" message="Unexpected error launching Internet Explorer. Browser zoom level was set to 125%. It should be set to 100%
Build info: version: &amp;apos;3.6.0&amp;apos;, revision: &amp;apos;6fbf3ec767&amp;apos;, time: &amp;apos;2017-09-27T16:15:26.402Z&amp;apos;
System info: host: &amp;apos;CABOTIA002&amp;apos;, ip: &amp;apos;199.228.105.15&amp;apos;, os.name: &amp;apos;Windows 7&amp;apos;, os.arch: &amp;apos;amd64&amp;apos;, os.version: &amp;apos;6.1&amp;apos;, java.version: &amp;apos;1.8.0_144&amp;apos;
Driver info: driver.version: InternetExplorerDriver
remote stacktrace: ">
      <![CDATA[org.openqa.selenium.SessionNotCreatedException: Unexpected error launching Internet Explorer. Browser zoom level was set to 125%. It should be set to 100%Build info: version: '3.6.0', revision: '6fbf3ec767', time: '2017-09-27T16:15:26.402Z'System info: host: 'CABOTIA002', ip: '199.228.105.15', os.name: 'Windows 7', os.arch: 'amd64', os.version: '6.1', java.version: '1.8.0_144'Driver info: driver.version: InternetExplorerDriverremote stacktrace: at org.openqa.selenium.remote.W3CHandshakeResponse.lambda$new$0(W3CHandshakeResponse.java:57)at org.openqa.selenium.remote.W3CHandshakeResponse.lambda$getResponseFunction$2(W3CHandshakeResponse.java:104)at org.openqa.selenium.remote.ProtocolHandshake.lambda$createSession$24(ProtocolHandshake.java:359)at java.util.stream.ReferencePipeline$3$1.accept(Unknown Source)at java.util.Spliterators$ArraySpliterator.tryAdvance(Unknown Source)at java.util.stream.ReferencePipeline.forEachWithCancel(Unknown Source)at java.util.stream.AbstractPipeline.copyIntoWithCancel(Unknown Source)at java.util.stream.AbstractPipeline.copyInto(Unknown Source)at java.util.stream.AbstractPipeline.wrapAndCopyInto(Unknown Source)at java.util.stream.FindOps$FindOp.evaluateSequential(Unknown Source)at java.util.stream.AbstractPipeline.evaluate(Unknown Source)at java.util.stream.ReferencePipeline.findFirst(Unknown Source)at org.openqa.selenium.remote.ProtocolHandshake.createSession(ProtocolHandshake.java:362)at org.openqa.selenium.remote.ProtocolHandshake.createSession(ProtocolHandshake.java:136)at org.openqa.selenium.remote.HttpCommandExecutor.execute(HttpCommandExecutor.java:142)at org.openqa.selenium.remote.service.DriverCommandExecutor.execute(DriverCommandExecutor.java:83)at org.openqa.selenium.remote.RemoteWebDriver.execute(RemoteWebDriver.java:586)at org.openqa.selenium.remote.RemoteWebDriver.startSession(RemoteWebDriver.java:217)at org.openqa.selenium.ie.InternetExplorerDriver.run(InternetExplorerDriver.java:223)at org.openqa.selenium.ie.InternetExplorerDriver.<init>(InternetExplorerDriver.java:215)at org.openqa.selenium.ie.InternetExplorerDriver.<init>(InternetExplorerDriver.java:152)at SeleniumSession1.OpenCloseBrowser.Open(OpenCloseBrowser.java:55)... Removed 30 stack frames]]>
    </failure>
  </testcase> <!-- @BeforeClass Open -->
  <testcase name="Resize" time="0.0" classname="SeleniumSession1.Mouseactions">
    <skipped/>
  </testcase> <!-- Resize -->
  <testcase name="draganddrop" time="0.0" classname="SeleniumSession1.Mouseactions">
    <ignored/>
  </testcase> <!-- draganddrop -->
  <testcase name="dataparam" time="0.0" classname="SeleniumSession1.Asserttests">
    <ignored/>
  </testcase> <!-- dataparam -->
  <testcase name="AssertPass" time="0.0" classname="SeleniumSession1.Asserttests">
    <ignored/>
  </testcase> <!-- AssertPass -->
  <testcase name="slider" time="0.0" classname="SeleniumSession1.Mouseactions">
    <ignored/>
  </testcase> <!-- slider -->
  <testcase name="accordion" time="0.0" classname="SeleniumSession1.Mouseactions">
    <ignored/>
  </testcase> <!-- accordion -->
</testsuite> <!-- parametertest -->
